MANPATH=/opt/rh/devtoolset-11/root/usr/share/man
XDG_SESSION_ID=4052
JULIA_PATH=/home/emeitz/.juliaup/bin/julia
HOSTNAME=gpu-node-1
SELINUX_ROLE_REQUESTED=
SHELL=/bin/bash
TERM=xterm-256color
HISTSIZE=1000
SSH_CLIENT=192.168.1.1 39482 22
CONDA_SHLVL=5
SELINUX_USE_CURRENT_RANGE=
CONDA_PROMPT_MODIFIER=(cunumeric-gpu) 
OPENBLAS_MAIN_FREE=1
SSH_TTY=/dev/pts/5
X_SCLS=devtoolset-11 
USER=emeitz
PCP_DIR=/opt/rh/devtoolset-11/root
LS_COLORS=rs=0:di=38;5;27:ln=38;5;51:mh=44;38;5;15:pi=40;38;5;11:so=38;5;13:do=38;5;5:bd=48;5;232;38;5;11:cd=48;5;232;38;5;3:or=48;5;232;38;5;9:mi=05;48;5;232;38;5;15:su=48;5;196;38;5;15:sg=48;5;11;38;5;16:ca=48;5;196;38;5;226:tw=48;5;10;38;5;16:ow=48;5;10;38;5;21:st=48;5;21;38;5;15:ex=38;5;34:*.tar=38;5;9:*.tgz=38;5;9:*.arc=38;5;9:*.arj=38;5;9:*.taz=38;5;9:*.lha=38;5;9:*.lz4=38;5;9:*.lzh=38;5;9:*.lzma=38;5;9:*.tlz=38;5;9:*.txz=38;5;9:*.tzo=38;5;9:*.t7z=38;5;9:*.zip=38;5;9:*.z=38;5;9:*.Z=38;5;9:*.dz=38;5;9:*.gz=38;5;9:*.lrz=38;5;9:*.lz=38;5;9:*.lzo=38;5;9:*.xz=38;5;9:*.bz2=38;5;9:*.bz=38;5;9:*.tbz=38;5;9:*.tbz2=38;5;9:*.tz=38;5;9:*.deb=38;5;9:*.rpm=38;5;9:*.jar=38;5;9:*.war=38;5;9:*.ear=38;5;9:*.sar=38;5;9:*.rar=38;5;9:*.alz=38;5;9:*.ace=38;5;9:*.zoo=38;5;9:*.cpio=38;5;9:*.7z=38;5;9:*.rz=38;5;9:*.cab=38;5;9:*.jpg=38;5;13:*.jpeg=38;5;13:*.gif=38;5;13:*.bmp=38;5;13:*.pbm=38;5;13:*.pgm=38;5;13:*.ppm=38;5;13:*.tga=38;5;13:*.xbm=38;5;13:*.xpm=38;5;13:*.tif=38;5;13:*.tiff=38;5;13:*.png=38;5;13:*.svg=38;5;13:*.svgz=38;5;13:*.mng=38;5;13:*.pcx=38;5;13:*.mov=38;5;13:*.mpg=38;5;13:*.mpeg=38;5;13:*.m2v=38;5;13:*.mkv=38;5;13:*.webm=38;5;13:*.ogm=38;5;13:*.mp4=38;5;13:*.m4v=38;5;13:*.mp4v=38;5;13:*.vob=38;5;13:*.qt=38;5;13:*.nuv=38;5;13:*.wmv=38;5;13:*.asf=38;5;13:*.rm=38;5;13:*.rmvb=38;5;13:*.flc=38;5;13:*.avi=38;5;13:*.fli=38;5;13:*.flv=38;5;13:*.gl=38;5;13:*.dl=38;5;13:*.xcf=38;5;13:*.xwd=38;5;13:*.yuv=38;5;13:*.cgm=38;5;13:*.emf=38;5;13:*.axv=38;5;13:*.anx=38;5;13:*.ogv=38;5;13:*.ogx=38;5;13:*.aac=38;5;45:*.au=38;5;45:*.flac=38;5;45:*.mid=38;5;45:*.midi=38;5;45:*.mka=38;5;45:*.mp3=38;5;45:*.mpc=38;5;45:*.ogg=38;5;45:*.ra=38;5;45:*.wav=38;5;45:*.axa=38;5;45:*.oga=38;5;45:*.spx=38;5;45:*.xspf=38;5;45:
LD_LIBRARY_PATH=/usr/local/cuda-12.4/lib64$:LD_LIBRARY_PATH
JULIA_NUM_THREADS=40
CONDA_EXE=/home/emeitz/software/anaconda3/bin/conda
CONDA_PREFIX_4=/home/emeitz/software/anaconda3
_CE_CONDA=
CONDA_PREFIX_1=/home/emeitz/software/anaconda3
PATH=/usr/local/cuda-12.4/bin:/home/emeitz/software/cmake-3.27.7/bin:/home/emeitz/software/tdep-24-09/bin:/home/emeitz/software/lammps/build:/home/emeitz/software/FFTW3/bin:/home/emeitz/software/HDF5/bin:/home/emeitz/software/openMPI_install/bin:/home/emeitz/software/nvim-linux64/bin:/usr/local/cuda-12.4/bin:/home/emeitz/software/cmake-3.27.7/bin:/home/emeitz/software/tdep-24-09/bin:/home/emeitz/software/lammps/build:/home/emeitz/software/FFTW3/bin:/home/emeitz/software/HDF5/bin:/home/emeitz/software/openMPI_install/bin:/home/emeitz/software/nvim-linux64/bin:/usr/local/cuda-12.4/bin:/home/emeitz/software/cmake-3.27.7/bin:/home/emeitz/software/tdep-24-09/bin:/home/emeitz/software/lammps/build:/home/emeitz/software/FFTW3/bin:/home/emeitz/software/HDF5/bin:/home/emeitz/software/openMPI_install/bin:/home/emeitz/software/nvim-linux64/bin:/opt/rh/devtoolset-11/root/usr/bin:/home/emeitz/.juliaup/bin:/home/emeitz/.conda/envs/cunumeric-gpu/bin:/home/emeitz/software/anaconda3/condabin:/usr/local/cuda-12.4/bin:/home/emeitz/software/cmake-3.27.7/bin:/home/emeitz/software/tdep-24-09/bin:/home/emeitz/software/lammps/build:/home/emeitz/software/FFTW3/bin:/home/emeitz/software/HDF5/bin:/home/emeitz/software/openMPI_install/bin:/home/emeitz/software/nvim-linux64/bin:/usr/local/bin:/usr/bin:/usr/local/sbin:/usr/sbin:/home/emeitz/.local/bin:/home/emeitz/bin:/home/emeitz/.local/bin:/home/emeitz/bin
MAIL=/var/spool/mail/emeitz
CONDA_PREFIX_3=/home/emeitz/.conda/envs/cunumeric-gpu
CONDA_PREFIX_2=/home/emeitz/.conda/envs/cunumeric-gpu-gcc12
XML_CATALOG_FILES=file:///home/emeitz/.conda/envs/cunumeric-gpu/etc/xml/catalog file:///etc/xml/catalog
CUNUMERIC_JL_HOME=/home/emeitz/tests/cuNumeric.jl
CONDA_PREFIX=/home/emeitz/.conda/envs/cunumeric-gpu
PWD=/home/emeitz/tests/cuNumeric.jl/pkg/deps
LANG=en_US.UTF-8
MODULEPATH=/usr/share/Modules/modulefiles:/etc/modulefiles
LOADEDMODULES=
SELINUX_LEVEL_REQUESTED=
HISTCONTROL=ignoredups
_CE_M=
HOME=/home/emeitz
SHLVL=8
JULIA_LOAD_PATH=@:/tmp/jl_bWHIuN
LOGNAME=emeitz
CONDA_PYTHON_EXE=/home/emeitz/software/anaconda3/bin/python
SSH_CONNECTION=192.168.1.1 39482 192.168.1.11 22
MODULESHOME=/usr/share/Modules
OPENBLAS_DEFAULT_NUM_THREADS=1
LESSOPEN=||/usr/bin/lesspipe.sh %s
CONDA_DEFAULT_ENV=cunumeric-gpu
PKG_CONFIG_PATH=/opt/rh/devtoolset-11/root/usr/lib64/pkgconfig
EXTRA_STORAGE=/mnt/mntsdb/emeitz
INFOPATH=/opt/rh/devtoolset-11/root/usr/share/info
XDG_RUNTIME_DIR=/run/user/1000
BASH_FUNC_module()=() {  eval `/usr/bin/modulecmd bash $*`
}
_=/usr/bin/env
